Traceback (most recent call last):
  File "/global/homes/o/olynn/.conda/envs/rail/lib/python3.11/site-packages/pandas/core/indexes/base.py", line 3802, in get_loc
    return self._engine.get_loc(casted_key)
           ^^^^^^^^^^^^^^^^^^^^^^^^^^^^^^^^
  File "pandas/_libs/index.pyx", line 138, in pandas._libs.index.IndexEngine.get_loc
  File "pandas/_libs/index.pyx", line 165, in pandas._libs.index.IndexEngine.get_loc
  File "pandas/_libs/hashtable_class_helper.pxi", line 5745, in pandas._libs.hashtable.PyObjectHashTable.get_item
  File "pandas/_libs/hashtable_class_helper.pxi", line 5753, in pandas._libs.hashtable.PyObjectHashTable.get_item
KeyError: 'redshift'

The above exception was the direct cause of the following exception:

Traceback (most recent call last):
  File "<frozen runpy>", line 198, in _run_module_as_main
  File "<frozen runpy>", line 88, in _run_code
  File "/pscratch/sd/o/olynn/ceci/ceci/__main__.py", line 5, in <module>
    PipelineStage.main()
  File "/pscratch/sd/o/olynn/ceci/ceci/stage.py", line 507, in main
    stage.execute(args)
  File "/pscratch/sd/o/olynn/ceci/ceci/stage.py", line 659, in execute
    stage.run()
  File "/pscratch/sd/o/olynn/rail_base/src/rail/estimation/algos/train_z.py", line 46, in run
    speczs = np.sort(training_data[self.config.redshift_col])
                     ~~~~~~~~~~~~~^^^^^^^^^^^^^^^^^^^^^^^^^^
  File "/global/homes/o/olynn/.conda/envs/rail/lib/python3.11/site-packages/pandas/core/frame.py", line 3807, in __getitem__
    indexer = self.columns.get_loc(key)
              ^^^^^^^^^^^^^^^^^^^^^^^^^
  File "/global/homes/o/olynn/.conda/envs/rail/lib/python3.11/site-packages/pandas/core/indexes/base.py", line 3804, in get_loc
    raise KeyError(key) from err
KeyError: 'redshift'
Executing stage: TrainZInformer @ 2024-01-09 07:16:40.122982
Inserting handle into data store.  input: rubin_dm_dc2_example.pq, inform_trainz
column_list None
Stage failed: TrainZInformer @ 2024-01-09 07:16:40.561596 after 0.01 minutes
